<?xml version="1.0" encoding="UTF-8"?>
<testsuite name="org.example.taxi_api.TaxiApiApplicationTests" tests="1" skipped="0" failures="0" errors="0" timestamp="2024-07-19T05:32:56" hostname="DESKTOP-USLS0BK" time="0.851">
  <properties/>
  <testcase name="contextLoads()" classname="org.example.taxi_api.TaxiApiApplicationTests" time="0.851"/>
  <system-out><![CDATA[14:32:52.109 [Test worker] INFO org.springframework.test.context.support.AnnotationConfigContextLoaderUtils -- Could not detect default configuration classes for test class [org.example.taxi_api.TaxiApiApplicationTests]: TaxiApiApplicationTests does not declare any static, non-private, non-final, nested classes annotated with @Configuration.
14:32:52.188 [Test worker] INFO org.springframework.boot.test.context.SpringBootTestContextBootstrapper -- Found @SpringBootConfiguration org.example.taxi_api.TaxiApiApplication for test class org.example.taxi_api.TaxiApiApplicationTests

  .   ____          _            __ _ _
 /\\ / ___'_ __ _ _(_)_ __  __ _ \ \ \ \
( ( )\___ | '_ | '_| | '_ \/ _` | \ \ \ \
 \\/  ___)| |_)| | | | | || (_| |  ) ) ) )
  '  |____| .__|_| |_|_| |_\__, | / / / /
 =========|_|==============|___/=/_/_/_/

 :: Spring Boot ::                (v3.3.1)

2024-07-19T14:32:52.487+09:00  INFO 9056 --- [    Test worker] o.e.taxi_api.TaxiApiApplicationTests     : Starting TaxiApiApplicationTests using Java 17.0.12 with PID 9056 (started by SSAFY in C:\Users\SSAFY\공지환\공통 프로젝트\took_back\jihwan\Taxi_API)
2024-07-19T14:32:52.488+09:00  INFO 9056 --- [    Test worker] o.e.taxi_api.TaxiApiApplicationTests     : No active profile set, falling back to 1 default profile: "default"
2024-07-19T14:32:53.019+09:00  INFO 9056 --- [    Test worker] .s.d.r.c.RepositoryConfigurationDelegate : Bootstrapping Spring Data JPA repositories in DEFAULT mode.
2024-07-19T14:32:53.087+09:00  INFO 9056 --- [    Test worker] .s.d.r.c.RepositoryConfigurationDelegate : Finished Spring Data repository scanning in 60 ms. Found 2 JPA repository interfaces.
2024-07-19T14:32:53.469+09:00  INFO 9056 --- [    Test worker] o.hibernate.jpa.internal.util.LogHelper  : HHH000204: Processing PersistenceUnitInfo [name: default]
2024-07-19T14:32:53.523+09:00  INFO 9056 --- [    Test worker] org.hibernate.Version                    : HHH000412: Hibernate ORM core version 6.5.2.Final
2024-07-19T14:32:53.552+09:00  INFO 9056 --- [    Test worker] o.h.c.internal.RegionFactoryInitiator    : HHH000026: Second-level cache disabled
2024-07-19T14:32:53.812+09:00  INFO 9056 --- [    Test worker] o.s.o.j.p.SpringPersistenceUnitInfo      : No LoadTimeWeaver setup: ignoring JPA class transformer
2024-07-19T14:32:53.837+09:00  INFO 9056 --- [    Test worker] com.zaxxer.hikari.HikariDataSource       : HikariPool-1 - Starting...
2024-07-19T14:32:54.068+09:00  INFO 9056 --- [    Test worker] com.zaxxer.hikari.pool.HikariPool        : HikariPool-1 - Added connection com.mysql.cj.jdbc.ConnectionImpl@26270b77
2024-07-19T14:32:54.071+09:00  INFO 9056 --- [    Test worker] com.zaxxer.hikari.HikariDataSource       : HikariPool-1 - Start completed.
2024-07-19T14:32:54.111+09:00  WARN 9056 --- [    Test worker] org.hibernate.orm.deprecation            : HHH90000025: MySQL8Dialect does not need to be specified explicitly using 'hibernate.dialect' (remove the property setting and it will be selected by default)
2024-07-19T14:32:54.113+09:00  WARN 9056 --- [    Test worker] org.hibernate.orm.deprecation            : HHH90000026: MySQL8Dialect has been deprecated; use org.hibernate.dialect.MySQLDialect instead
2024-07-19T14:32:55.002+09:00  INFO 9056 --- [    Test worker] o.h.e.t.j.p.i.JtaPlatformInitiator       : HHH000489: No JTA platform available (set 'hibernate.transaction.jta.platform' to enable JTA platform integration)
Hibernate: alter table taxi_guest drop foreign key FKcamwq5nwhs3h8o88h89hx4hp8
Hibernate: drop table if exists taxi
Hibernate: drop table if exists taxi_guest
Hibernate: create table taxi (cost integer, count integer not null, gender bit not null, max integer not null, start_lat float(53), start_lon float(53), created_at datetime(6) not null, finish_time datetime(6) not null, master bigint not null, room_seq bigint not null, taxi_seq bigint not null auto_increment, user_seq bigint not null, status enum ('BOARD','DONE','FILLED','OPEN') not null, primary key (taxi_seq)) engine=InnoDB
Hibernate: create table taxi_guest (cost integer not null, desti_lat float(53) not null, desti_lon float(53) not null, route_rank integer not null, guest_seq bigint not null auto_increment, taxi_seq bigint not null, user_seq bigint not null, desti_name varchar(255) not null, primary key (guest_seq)) engine=InnoDB
Hibernate: alter table taxi_guest add constraint FKcamwq5nwhs3h8o88h89hx4hp8 foreign key (taxi_seq) references taxi (taxi_seq)
2024-07-19T14:32:55.278+09:00  INFO 9056 --- [    Test worker] j.LocalContainerEntityManagerFactoryBean : Initialized JPA EntityManagerFactory for persistence unit 'default'
2024-07-19T14:32:56.247+09:00  INFO 9056 --- [    Test worker] o.e.taxi_api.TaxiApiApplicationTests     : Started TaxiApiApplicationTests in 3.918 seconds (process running for 4.816)
]]></system-out>
  <system-err><![CDATA[]]></system-err>
</testsuite>
